Traceback (most recent call last):
  File "/Users/xiaofeichen/Downloads/chenxiaofeiandongjunhui/20260422 from longzhen 2015-2018_rookie_dataset_and_demo_code/main.py", line 40, in <module>
    import xgboost as xgb
  File "/Users/xiaofeichen/Downloads/chenxiaofeiandongjunhui/20260422 from longzhen 2015-2018_rookie_dataset_and_demo_code/venv/lib/python3.13/site-packages/xgboost/__init__.py", line 6, in <module>
    from . import tracker  # noqa
    ^^^^^^^^^^^^^^^^^^^^^
  File "/Users/xiaofeichen/Downloads/chenxiaofeiandongjunhui/20260422 from longzhen 2015-2018_rookie_dataset_and_demo_code/venv/lib/python3.13/site-packages/xgboost/tracker.py", line 9, in <module>
    from .core import _LIB, _check_call, _deprecate_positional_args, make_jcargs
  File "/Users/xiaofeichen/Downloads/chenxiaofeiandongjunhui/20260422 from longzhen 2015-2018_rookie_dataset_and_demo_code/venv/lib/python3.13/site-packages/xgboost/core.py", line 309, in <module>
    _LIB = _load_lib()
  File "/Users/xiaofeichen/Downloads/chenxiaofeiandongjunhui/20260422 from longzhen 2015-2018_rookie_dataset_and_demo_code/venv/lib/python3.13/site-packages/xgboost/core.py", line 273, in _load_lib
            raise XGBoostError(f"""
    ...<11 lines>...
    """)
xgboost.core.XGBoostError: 
XGBoost Library (libxgboost.dylib) could not be loaded.
Likely causes:
  * OpenMP runtime is not installed
    - vcomp140.dll or libgomp-1.dll for Windows
    - libomp.dylib for Mac OSX
    - libgomp.so for Linux and other UNIX-like OSes
    Mac OSX users: Run `brew install libomp` to install OpenMP runtime.

  * You are running 32-bit Python on a 64-bit OS

Error message(s): ["dlopen(/Users/xiaofeichen/Downloads/chenxiaofeiandongjunhui/20260422 from longzhen 2015-2018_rookie_dataset_and_demo_code/venv/lib/python3.13/site-packages/xgboost/lib/libxgboost.dylib, 0x0006): Library not loaded: @rpath/libomp.dylib\n  Referenced from: <1A0D8152-BF46-3BE0-B651-EE965C187777> /Users/xiaofeichen/Downloads/chenxiaofeiandongjunhui/20260422 from longzhen 2015-2018_rookie_dataset_and_demo_code/venv/lib/python3.13/site-packages/xgboost/lib/libxgboost.dylib\n  Reason: tried: '/opt/homebrew/opt/libomp/lib/libomp.dylib' (no such file), '/System/Volumes/Preboot/Cryptexes/OS/opt/homebrew/opt/libomp/lib/libomp.dylib' (no such file), '/opt/homebrew/opt/libomp/lib/libomp.dylib' (no such file), '/System/Volumes/Preboot/Cryptexes/OS/opt/homebrew/opt/libomp/lib/libomp.dylib' (no such file), '/opt/homebrew/lib/libomp.dylib' (no such file), '/System/Volumes/Preboot/Cryptexes/OS/opt/homebrew/lib/libomp.dylib' (no such file), '/opt/homebrew/lib/libomp.dylib' (no such file), '/System/Volumes/Preboot/Cryptexes/OS/opt/homebrew/lib/libomp.dylib' (no such file)"]

